<?xml version="1.0" encoding="UTF-8"?>
<testsuite xmlns:xsi="http://www.w3.org/2001/XMLSchema-instance" xsi:noNamespaceSchemaLocation="https://maven.apache.org/surefire/maven-surefire-plugin/xsd/surefire-test-report.xsd" name="org.azd.SecurityApiTest" time="0.036" tests="12" errors="9" skipped="1" failures="0">
  <properties>
[...]
</properties>
  <testcase name="shouldListACLsWithExtendedInfo" classname="org.azd.SecurityApiTest" time="0.006">
    <error message="InvalidOrganizationNameException: Couldn&apos;t find the organization name &apos;{{ organization name }}&apos;." type="org.azd.exceptions.AzDException">org.azd.exceptions.AzDException: InvalidOrganizationNameException: Couldn't find the organization name '{{ organization name }}'.
	at org.azd.SecurityApiTest.shouldListACLsWithExtendedInfo(SecurityApiTest.java:81)
</error>
  </testcase>
  <testcase name="shouldListRequiredTokenProperties" classname="org.azd.SecurityApiTest" time="0.003"/>
  <testcase name="shouldUpdateAccessControlEntry" classname="org.azd.SecurityApiTest" time="0.001">
    <error message="InvalidOrganizationNameException: Couldn&apos;t find the organization name &apos;{{ organization name }}&apos;." type="org.azd.exceptions.AzDException">org.azd.exceptions.AzDException: InvalidOrganizationNameException: Couldn't find the organization name '{{ organization name }}'.
	at org.azd.SecurityApiTest.shouldUpdateAccessControlEntry(SecurityApiTest.java:339)
</error>
  </testcase>
  <testcase name="shouldResolveSubjectIdentities" classname="org.azd.SecurityApiTest" time="0.001">
    <error message="InvalidOrganizationNameException: Couldn&apos;t find the organization name &apos;{{ organization name }}&apos;." type="org.azd.exceptions.AzDException">org.azd.exceptions.AzDException: InvalidOrganizationNameException: Couldn't find the organization name '{{ organization name }}'.
	at org.azd.SecurityApiTest.shouldResolveSubjectIdentities(SecurityApiTest.java:102)
</error>
  </testcase>
  <testcase name="shouldGetANamespace" classname="org.azd.SecurityApiTest" time="0.01">
    <error message="InvalidOrganizationNameException: Couldn&apos;t find the organization name &apos;{{ organization name }}&apos;." type="org.azd.exceptions.AzDException">org.azd.exceptions.AzDException: InvalidOrganizationNameException: Couldn't find the organization name '{{ organization name }}'.
	at org.azd.SecurityApiTest.shouldGetANamespace(SecurityApiTest.java:62)
</error>
  </testcase>
  <testcase name="shouldListSecurityNamespaces" classname="org.azd.SecurityApiTest" time="0.001">
    <error message="InvalidOrganizationNameException: Couldn&apos;t find the organization name &apos;{{ organization name }}&apos;." type="org.azd.exceptions.AzDException">org.azd.exceptions.AzDException: InvalidOrganizationNameException: Couldn't find the organization name '{{ organization name }}'.
	at org.azd.SecurityApiTest.shouldListSecurityNamespaces(SecurityApiTest.java:55)
</error>
  </testcase>
  <testcase name="shouldDumpAllNamespaceActions" classname="org.azd.SecurityApiTest" time="0">
    <skipped/>
  </testcase>
  <testcase name="shouldListACLs" classname="org.azd.SecurityApiTest" time="0.001">
    <error message="InvalidOrganizationNameException: Couldn&apos;t find the organization name &apos;{{ organization name }}&apos;." type="org.azd.exceptions.AzDException">org.azd.exceptions.AzDException: InvalidOrganizationNameException: Couldn't find the organization name '{{ organization name }}'.
	at org.azd.SecurityApiTest.shouldListACLs(SecurityApiTest.java:70)
</error>
  </testcase>
  <testcase name="shouldGenerateTokenString" classname="org.azd.SecurityApiTest" time="0.001"/>
  <testcase name="shouldAddAndRemoveACL" classname="org.azd.SecurityApiTest" time="0.001">
    <error message="Unexpected exception, expected&lt;java.lang.AssertionError&gt; but was&lt;org.azd.exceptions.AzDException&gt;" type="java.lang.Exception"><![CDATA[java.lang.Exception: Unexpected exception, expected<java.lang.AssertionError> but was<org.azd.exceptions.AzDException>
	at org.azd.SecurityApiTest.shouldAddAndRemoveACL(SecurityApiTest.java:185)
]]></error>
  </testcase>
  <testcase name="shouldListACLForDescriptor" classname="org.azd.SecurityApiTest" time="0.001">
    <error message="InvalidOrganizationNameException: Couldn&apos;t find the organization name &apos;{{ organization name }}&apos;." type="org.azd.exceptions.AzDException">org.azd.exceptions.AzDException: InvalidOrganizationNameException: Couldn't find the organization name '{{ organization name }}'.
	at org.azd.SecurityApiTest.shouldListACLForDescriptor(SecurityApiTest.java:125)
</error>
  </testcase>
  <testcase name="shouldUpdateAccessControlList" classname="org.azd.SecurityApiTest" time="0.001">
    <error message="InvalidOrganizationNameException: Couldn&apos;t find the organization name &apos;{{ organization name }}&apos;." type="org.azd.exceptions.AzDException">org.azd.exceptions.AzDException: InvalidOrganizationNameException: Couldn't find the organization name '{{ organization name }}'.
	at org.azd.SecurityApiTest.shouldUpdateAccessControlList(SecurityApiTest.java:251)
</error>
  </testcase>
</testsuite>