<?xml version="1.0" encoding="UTF-8"?>
<testsuite xmlns:xsi="http://www.w3.org/2001/XMLSchema-instance" xsi:noNamespaceSchemaLocation="https://maven.apache.org/surefire/maven-surefire-plugin/xsd/surefire-test-report.xsd" name="org.azd.GitApiTest" time="0.353" tests="53" errors="41" skipped="0" failures="0">
  <properties>
[...]
</properties>
  <testcase name="shouldGetRepositories" classname="org.azd.GitApiTest" time="0.009">
    <error message="InvalidOrganizationNameException: Couldn&apos;t find the organization name &apos;{{ organization name }}&apos;." type="org.azd.exceptions.AzDException">org.azd.exceptions.AzDException: InvalidOrganizationNameException: Couldn't find the organization name '{{ organization name }}'.
	at org.azd.GitApiTest.shouldGetRepositories(GitApiTest.java:75)
</error>
  </testcase>
  <testcase name="shouldCreateANewRepository" classname="org.azd.GitApiTest" time="0.016"/>
  <testcase name="shouldUpdateRefs" classname="org.azd.GitApiTest" time="0.009">
    <error message="InvalidOrganizationNameException: Couldn&apos;t find the organization name &apos;{{ organization name }}&apos;." type="org.azd.exceptions.AzDException">org.azd.exceptions.AzDException: InvalidOrganizationNameException: Couldn't find the organization name '{{ organization name }}'.
	at org.azd.GitApiTest.shouldUpdateRefs(GitApiTest.java:252)
</error>
  </testcase>
  <testcase name="shouldGetPullRequestReviewers" classname="org.azd.GitApiTest" time="0.001">
    <error message="InvalidOrganizationNameException: Couldn&apos;t find the organization name &apos;{{ organization name }}&apos;." type="org.azd.exceptions.AzDException">org.azd.exceptions.AzDException: InvalidOrganizationNameException: Couldn't find the organization name '{{ organization name }}'.
	at org.azd.GitApiTest.shouldGetPullRequestReviewers(GitApiTest.java:208)
</error>
  </testcase>
  <testcase name="shouldCreateForkSyncRequest" classname="org.azd.GitApiTest" time="0.026"/>
  <testcase name="shouldCreateForkRepositoryWithComplete" classname="org.azd.GitApiTest" time="0.041"/>
  <testcase name="shouldDeleteTag" classname="org.azd.GitApiTest" time="0.01">
    <error message="InvalidOrganizationNameException: Couldn&apos;t find the organization name &apos;{{ organization name }}&apos;." type="org.azd.exceptions.AzDException">org.azd.exceptions.AzDException: InvalidOrganizationNameException: Couldn't find the organization name '{{ organization name }}'.
	at org.azd.GitApiTest.shouldDeleteTag(GitApiTest.java:262)
</error>
  </testcase>
  <testcase name="shouldGetBlobsAsZip" classname="org.azd.GitApiTest" time="0.001">
    <error message="InvalidOrganizationNameException: Couldn&apos;t find the organization name &apos;{{ organization name }}&apos;." type="org.azd.exceptions.AzDException">org.azd.exceptions.AzDException: InvalidOrganizationNameException: Couldn't find the organization name '{{ organization name }}'.
	at org.azd.GitApiTest.shouldGetBlobsAsZip(GitApiTest.java:322)
</error>
  </testcase>
  <testcase name="shouldUnLockABranch" classname="org.azd.GitApiTest" time="0.016">
    <error message="InvalidOrganizationNameException: Couldn&apos;t find the organization name &apos;{{ organization name }}&apos;." type="org.azd.exceptions.AzDException">org.azd.exceptions.AzDException: InvalidOrganizationNameException: Couldn't find the organization name '{{ organization name }}'.
	at org.azd.GitApiTest.shouldUnLockABranch(GitApiTest.java:152)
</error>
  </testcase>
  <testcase name="shouldGetPullRequestWorkItems" classname="org.azd.GitApiTest" time="0">
    <error message="InvalidOrganizationNameException: Couldn&apos;t find the organization name &apos;{{ organization name }}&apos;." type="org.azd.exceptions.AzDException">org.azd.exceptions.AzDException: InvalidOrganizationNameException: Couldn't find the organization name '{{ organization name }}'.
	at org.azd.GitApiTest.shouldGetPullRequestWorkItems(GitApiTest.java:157)
</error>
  </testcase>
  <testcase name="shouldRetrieveAllPullRequestsFromARepository" classname="org.azd.GitApiTest" time="0.001">
    <error message="InvalidOrganizationNameException: Couldn&apos;t find the organization name &apos;{{ organization name }}&apos;." type="org.azd.exceptions.AzDException">org.azd.exceptions.AzDException: InvalidOrganizationNameException: Couldn't find the organization name '{{ organization name }}'.
	at org.azd.GitApiTest.shouldRetrieveAllPullRequestsFromARepository(GitApiTest.java:117)
</error>
  </testcase>
  <testcase name="shouldGetABlobContentAsStream" classname="org.azd.GitApiTest" time="0.001">
    <error message="InvalidOrganizationNameException: Couldn&apos;t find the organization name &apos;{{ organization name }}&apos;." type="org.azd.exceptions.AzDException">org.azd.exceptions.AzDException: InvalidOrganizationNameException: Couldn't find the organization name '{{ organization name }}'.
	at org.azd.GitApiTest.shouldGetABlobContentAsStream(GitApiTest.java:307)
</error>
  </testcase>
  <testcase name="shouldGetPullRequestLabels" classname="org.azd.GitApiTest" time="0.002">
    <error message="InvalidOrganizationNameException: Couldn&apos;t find the organization name &apos;{{ organization name }}&apos;." type="org.azd.exceptions.AzDException">org.azd.exceptions.AzDException: InvalidOrganizationNameException: Couldn't find the organization name '{{ organization name }}'.
	at org.azd.GitApiTest.shouldGetPullRequestLabels(GitApiTest.java:173)
</error>
  </testcase>
  <testcase name="shoulGetForkSyncRequest" classname="org.azd.GitApiTest" time="0.014">
    <error message="InvalidOrganizationNameException: Couldn&apos;t find the organization name &apos;{{ organization name }}&apos;." type="org.azd.exceptions.AzDException">org.azd.exceptions.AzDException: InvalidOrganizationNameException: Couldn't find the organization name '{{ organization name }}'.
	at org.azd.GitApiTest.shoulGetForkSyncRequest(GitApiTest.java:360)
</error>
  </testcase>
  <testcase name="shouldGetABlobContentAsZip" classname="org.azd.GitApiTest" time="0.001">
    <error message="InvalidOrganizationNameException: Couldn&apos;t find the organization name &apos;{{ organization name }}&apos;." type="org.azd.exceptions.AzDException">org.azd.exceptions.AzDException: InvalidOrganizationNameException: Couldn't find the organization name '{{ organization name }}'.
	at org.azd.GitApiTest.shouldGetABlobContentAsZip(GitApiTest.java:293)
</error>
  </testcase>
  <testcase name="shouldGetPullRequestsByProject" classname="org.azd.GitApiTest" time="0.001">
    <error message="InvalidOrganizationNameException: Couldn&apos;t find the organization name &apos;{{ organization name }}&apos;." type="org.azd.exceptions.AzDException">org.azd.exceptions.AzDException: InvalidOrganizationNameException: Couldn't find the organization name '{{ organization name }}'.
	at org.azd.GitApiTest.shouldGetPullRequestsByProject(GitApiTest.java:122)
</error>
  </testcase>
  <testcase name="shouldGetAnAnnotatedTag" classname="org.azd.GitApiTest" time="0.001">
    <error message="InvalidOrganizationNameException: Couldn&apos;t find the organization name &apos;{{ organization name }}&apos;." type="org.azd.exceptions.AzDException">org.azd.exceptions.AzDException: InvalidOrganizationNameException: Couldn't find the organization name '{{ organization name }}'.
	at org.azd.GitApiTest.shouldGetAnAnnotatedTag(GitApiTest.java:226)
</error>
  </testcase>
  <testcase name="shouldCreateTag" classname="org.azd.GitApiTest" time="0">
    <error message="InvalidOrganizationNameException: Couldn&apos;t find the organization name &apos;{{ organization name }}&apos;." type="org.azd.exceptions.AzDException">org.azd.exceptions.AzDException: InvalidOrganizationNameException: Couldn't find the organization name '{{ organization name }}'.
	at org.azd.GitApiTest.shouldCreateTag(GitApiTest.java:257)
</error>
  </testcase>
  <testcase name="shouldCreateANewPullRequestAsDraft" classname="org.azd.GitApiTest" time="0.001"/>
  <testcase name="shouldCreateANewPullRequest" classname="org.azd.GitApiTest" time="0"/>
  <testcase name="shouldGetRecycleBinRepositories" classname="org.azd.GitApiTest" time="0.001">
    <error message="InvalidOrganizationNameException: Couldn&apos;t find the organization name &apos;{{ organization name }}&apos;." type="org.azd.exceptions.AzDException">org.azd.exceptions.AzDException: InvalidOrganizationNameException: Couldn't find the organization name '{{ organization name }}'.
	at org.azd.GitApiTest.shouldGetRecycleBinRepositories(GitApiTest.java:65)
</error>
  </testcase>
  <testcase name="shouldGetRefs" classname="org.azd.GitApiTest" time="0.001">
    <error message="InvalidOrganizationNameException: Couldn&apos;t find the organization name &apos;{{ organization name }}&apos;." type="org.azd.exceptions.AzDException">org.azd.exceptions.AzDException: InvalidOrganizationNameException: Couldn't find the organization name '{{ organization name }}'.
	at org.azd.GitApiTest.shouldGetRefs(GitApiTest.java:242)
</error>
  </testcase>
  <testcase name="shouldGetAllItems" classname="org.azd.GitApiTest" time="0.018">
    <error message="InvalidOrganizationNameException: Couldn&apos;t find the organization name &apos;{{ organization name }}&apos;." type="org.azd.exceptions.AzDException">org.azd.exceptions.AzDException: InvalidOrganizationNameException: Couldn't find the organization name '{{ organization name }}'.
	at org.azd.GitApiTest.shouldGetAllItems(GitApiTest.java:334)
</error>
  </testcase>
  <testcase name="shouldGetDeletedGitRepositories" classname="org.azd.GitApiTest" time="0.001">
    <error message="InvalidOrganizationNameException: Couldn&apos;t find the organization name &apos;{{ organization name }}&apos;." type="org.azd.exceptions.AzDException">org.azd.exceptions.AzDException: InvalidOrganizationNameException: Couldn't find the organization name '{{ organization name }}'.
	at org.azd.GitApiTest.shouldGetDeletedGitRepositories(GitApiTest.java:60)
</error>
  </testcase>
  <testcase name="shouldDeleteAPullRequestLabels" classname="org.azd.GitApiTest" time="0.011">
    <error message="Cannot invoke &quot;org.azd.git.types.WebApiTagDefinition.getUrl()&quot; because &quot;label&quot; is null" type="java.lang.NullPointerException">java.lang.NullPointerException: Cannot invoke "org.azd.git.types.WebApiTagDefinition.getUrl()" because "label" is null
	at org.azd.GitApiTest.shouldDeleteAPullRequestLabels(GitApiTest.java:185)
</error>
  </testcase>
  <testcase name="shouldGetRepository" classname="org.azd.GitApiTest" time="0.001">
    <error message="InvalidOrganizationNameException: Couldn&apos;t find the organization name &apos;{{ organization name }}&apos;." type="org.azd.exceptions.AzDException">org.azd.exceptions.AzDException: InvalidOrganizationNameException: Couldn't find the organization name '{{ organization name }}'.
	at org.azd.GitApiTest.shouldGetRepository(GitApiTest.java:70)
</error>
  </testcase>
  <testcase name="shouldRetrieveAPullRequest" classname="org.azd.GitApiTest" time="0.001">
    <error message="InvalidOrganizationNameException: Couldn&apos;t find the organization name &apos;{{ organization name }}&apos;." type="org.azd.exceptions.AzDException">org.azd.exceptions.AzDException: InvalidOrganizationNameException: Couldn't find the organization name '{{ organization name }}'.
	at org.azd.GitApiTest.shouldRetrieveAPullRequest(GitApiTest.java:107)
</error>
  </testcase>
  <testcase name="shouldCreateAPullRequestReviewer" classname="org.azd.GitApiTest" time="0.031">
    <error message="InvalidOrganizationNameException: Couldn&apos;t find the organization name &apos;{{ organization name }}&apos;." type="org.azd.exceptions.AzDException">org.azd.exceptions.AzDException: InvalidOrganizationNameException: Couldn't find the organization name '{{ organization name }}'.
	at org.azd.GitApiTest.shouldCreateAPullRequestReviewer(GitApiTest.java:193)
</error>
  </testcase>
  <testcase name="shouldGetTopTenPullRequestsByProject" classname="org.azd.GitApiTest" time="0.008">
    <error message="InvalidOrganizationNameException: Couldn&apos;t find the organization name &apos;{{ organization name }}&apos;." type="org.azd.exceptions.AzDException">org.azd.exceptions.AzDException: InvalidOrganizationNameException: Couldn't find the organization name '{{ organization name }}'.
	at org.azd.GitApiTest.shouldGetTopTenPullRequestsByProject(GitApiTest.java:127)
</error>
  </testcase>
  <testcase name="shouldGetAPullRequestReviewer" classname="org.azd.GitApiTest" time="0">
    <error message="InvalidOrganizationNameException: Couldn&apos;t find the organization name &apos;{{ organization name }}&apos;." type="org.azd.exceptions.AzDException">org.azd.exceptions.AzDException: InvalidOrganizationNameException: Couldn't find the organization name '{{ organization name }}'.
	at org.azd.GitApiTest.shouldGetAPullRequestReviewer(GitApiTest.java:203)
</error>
  </testcase>
  <testcase name="shouldGetABlobContent" classname="org.azd.GitApiTest" time="0.001">
    <error message="InvalidOrganizationNameException: Couldn&apos;t find the organization name &apos;{{ organization name }}&apos;." type="org.azd.exceptions.AzDException">org.azd.exceptions.AzDException: InvalidOrganizationNameException: Couldn't find the organization name '{{ organization name }}'.
	at org.azd.GitApiTest.shouldGetABlobContent(GitApiTest.java:280)
</error>
  </testcase>
  <testcase name="shouldGetAPullRequestLabel" classname="org.azd.GitApiTest" time="0.002">
    <error message="InvalidOrganizationNameException: Couldn&apos;t find the organization name &apos;{{ organization name }}&apos;." type="org.azd.exceptions.AzDException">org.azd.exceptions.AzDException: InvalidOrganizationNameException: Couldn't find the organization name '{{ organization name }}'.
	at org.azd.GitApiTest.shouldGetAPullRequestLabel(GitApiTest.java:168)
</error>
  </testcase>
  <testcase name="shouldCreateForkRepository" classname="org.azd.GitApiTest" time="0.032"/>
  <testcase name="shouldGetAllItemsWithQueryParameters" classname="org.azd.GitApiTest" time="0.009">
    <error message="InvalidOrganizationNameException: Couldn&apos;t find the organization name &apos;{{ organization name }}&apos;." type="org.azd.exceptions.AzDException">org.azd.exceptions.AzDException: InvalidOrganizationNameException: Couldn't find the organization name '{{ organization name }}'.
	at org.azd.GitApiTest.shouldGetAllItemsWithQueryParameters(GitApiTest.java:339)
</error>
  </testcase>
  <testcase name="shouldgetBranches" classname="org.azd.GitApiTest" time="0.011">
    <error message="InvalidOrganizationNameException: Couldn&apos;t find the organization name &apos;{{ organization name }}&apos;." type="org.azd.exceptions.AzDException">org.azd.exceptions.AzDException: InvalidOrganizationNameException: Couldn't find the organization name '{{ organization name }}'.
	at org.azd.GitApiTest.shouldgetBranches(GitApiTest.java:142)
</error>
  </testcase>
  <testcase name="shouldUpdateAPullRequestReviewer" classname="org.azd.GitApiTest" time="0">
    <error message="InvalidOrganizationNameException: Couldn&apos;t find the organization name &apos;{{ organization name }}&apos;." type="org.azd.exceptions.AzDException">org.azd.exceptions.AzDException: InvalidOrganizationNameException: Couldn't find the organization name '{{ organization name }}'.
	at org.azd.GitApiTest.shouldUpdateAPullRequestReviewer(GitApiTest.java:213)
</error>
  </testcase>
  <testcase name="shouldGetCommitsFromARepository" classname="org.azd.GitApiTest" time="0.001">
    <error message="InvalidOrganizationNameException: Couldn&apos;t find the organization name &apos;{{ organization name }}&apos;." type="org.azd.exceptions.AzDException">org.azd.exceptions.AzDException: InvalidOrganizationNameException: Couldn't find the organization name '{{ organization name }}'.
	at org.azd.GitApiTest.shouldGetCommitsFromARepository(GitApiTest.java:231)
</error>
  </testcase>
  <testcase name="shouldGetABlob" classname="org.azd.GitApiTest" time="0.001">
    <error message="InvalidOrganizationNameException: Couldn&apos;t find the organization name &apos;{{ organization name }}&apos;." type="org.azd.exceptions.AzDException">org.azd.exceptions.AzDException: InvalidOrganizationNameException: Couldn't find the organization name '{{ organization name }}'.
	at org.azd.GitApiTest.shouldGetABlob(GitApiTest.java:267)
</error>
  </testcase>
  <testcase name="shouldGetForks" classname="org.azd.GitApiTest" time="0.011">
    <error message="InvalidOrganizationNameException: Couldn&apos;t find the organization name &apos;{{ organization name }}&apos;." type="org.azd.exceptions.AzDException">org.azd.exceptions.AzDException: InvalidOrganizationNameException: Couldn't find the organization name '{{ organization name }}'.
	at org.azd.GitApiTest.shouldGetForks(GitApiTest.java:375)
</error>
  </testcase>
  <testcase name="shouldCreateAnAnnotatedTag" classname="org.azd.GitApiTest" time="0.015"/>
  <testcase name="shoulGetForkSyncRequests" classname="org.azd.GitApiTest" time="0.002">
    <error message="InvalidOrganizationNameException: Couldn&apos;t find the organization name &apos;{{ organization name }}&apos;." type="org.azd.exceptions.AzDException">org.azd.exceptions.AzDException: InvalidOrganizationNameException: Couldn't find the organization name '{{ organization name }}'.
	at org.azd.GitApiTest.shoulGetForkSyncRequests(GitApiTest.java:370)
</error>
  </testcase>
  <testcase name="shouldDeleteRepositoryFromRecycleBin" classname="org.azd.GitApiTest" time="0"/>
  <testcase name="shouldDeleteRepository" classname="org.azd.GitApiTest" time="0"/>
  <testcase name="shouldRestoreRepositoryFromRecycleBin" classname="org.azd.GitApiTest" time="0.008"/>
  <testcase name="shouldRetrieveAPullRequestById" classname="org.azd.GitApiTest" time="0.001">
    <error message="InvalidOrganizationNameException: Couldn&apos;t find the organization name &apos;{{ organization name }}&apos;." type="org.azd.exceptions.AzDException">org.azd.exceptions.AzDException: InvalidOrganizationNameException: Couldn't find the organization name '{{ organization name }}'.
	at org.azd.GitApiTest.shouldRetrieveAPullRequestById(GitApiTest.java:112)
</error>
  </testcase>
  <testcase name="shouldGetACommitsFromTheRepository" classname="org.azd.GitApiTest" time="0.001">
    <error message="InvalidOrganizationNameException: Couldn&apos;t find the organization name &apos;{{ organization name }}&apos;." type="org.azd.exceptions.AzDException">org.azd.exceptions.AzDException: InvalidOrganizationNameException: Couldn't find the organization name '{{ organization name }}'.
	at org.azd.GitApiTest.shouldGetACommitsFromTheRepository(GitApiTest.java:236)
</error>
  </testcase>
  <testcase name="shouldgetBranch" classname="org.azd.GitApiTest" time="0.008">
    <error message="InvalidOrganizationNameException: Couldn&apos;t find the organization name &apos;{{ organization name }}&apos;." type="org.azd.exceptions.AzDException">org.azd.exceptions.AzDException: InvalidOrganizationNameException: Couldn't find the organization name '{{ organization name }}'.
	at org.azd.GitApiTest.shouldgetBranch(GitApiTest.java:137)
</error>
  </testcase>
  <testcase name="shouldUpdateRepository" classname="org.azd.GitApiTest" time="0.001"/>
  <testcase name="shouldCreateAPullRequestLabel" classname="org.azd.GitApiTest" time="0.007">
    <error message="InvalidOrganizationNameException: Couldn&apos;t find the organization name &apos;{{ organization name }}&apos;." type="org.azd.exceptions.AzDException">org.azd.exceptions.AzDException: InvalidOrganizationNameException: Couldn't find the organization name '{{ organization name }}'.
	at org.azd.GitApiTest.shouldCreateAPullRequestLabel(GitApiTest.java:163)
</error>
  </testcase>
  <testcase name="shouldDeleteAPullRequestReviewer" classname="org.azd.GitApiTest" time="0.001"/>
  <testcase name="shouldGetRefsWithQueryParameters" classname="org.azd.GitApiTest" time="0.001">
    <error message="InvalidOrganizationNameException: Couldn&apos;t find the organization name &apos;{{ organization name }}&apos;." type="org.azd.exceptions.AzDException">org.azd.exceptions.AzDException: InvalidOrganizationNameException: Couldn't find the organization name '{{ organization name }}'.
	at org.azd.GitApiTest.shouldGetRefsWithQueryParameters(GitApiTest.java:247)
</error>
  </testcase>
  <testcase name="shouldLockABranch" classname="org.azd.GitApiTest" time="0.001">
    <error message="InvalidOrganizationNameException: Couldn&apos;t find the organization name &apos;{{ organization name }}&apos;." type="org.azd.exceptions.AzDException">org.azd.exceptions.AzDException: InvalidOrganizationNameException: Couldn't find the organization name '{{ organization name }}'.
	at org.azd.GitApiTest.shouldLockABranch(GitApiTest.java:147)
</error>
  </testcase>
  <testcase name="shouldGetPullRequestsByProjectWithCompletedStatus" classname="org.azd.GitApiTest" time="0.009">
    <error message="InvalidOrganizationNameException: Couldn&apos;t find the organization name &apos;{{ organization name }}&apos;." type="org.azd.exceptions.AzDException">org.azd.exceptions.AzDException: InvalidOrganizationNameException: Couldn't find the organization name '{{ organization name }}'.
	at org.azd.GitApiTest.shouldGetPullRequestsByProjectWithCompletedStatus(GitApiTest.java:132)
</error>
  </testcase>
</testsuite>