<?xml version="1.0" encoding="UTF-8"?>
<testsuite xmlns:xsi="http://www.w3.org/2001/XMLSchema-instance" xsi:noNamespaceSchemaLocation="https://maven.apache.org/surefire/maven-surefire-plugin/xsd/surefire-test-report.xsd" name="org.azd.GraphApiTest" time="0.04" tests="16" errors="15" skipped="0" failures="0">
  <properties>
[...]
</properties>
  <testcase name="shouldAllowGroupInGroup" classname="org.azd.GraphApiTest" time="0.003">
    <error message="InvalidOrganizationNameException: Couldn&apos;t find the organization name &apos;{{ organization name }}&apos;." type="org.azd.exceptions.AzDException">org.azd.exceptions.AzDException: InvalidOrganizationNameException: Couldn't find the organization name '{{ organization name }}'.
	at org.azd.GraphApiTest.shouldAllowGroupInGroup(GraphApiTest.java:144)
</error>
  </testcase>
  <testcase name="shouldDeleteAUser" classname="org.azd.GraphApiTest" time="0.001">
    <error message="InvalidOrganizationNameException: Couldn&apos;t find the organization name &apos;{{ organization name }}&apos;." type="org.azd.exceptions.AzDException">org.azd.exceptions.AzDException: InvalidOrganizationNameException: Couldn't find the organization name '{{ organization name }}'.
	at org.azd.GraphApiTest.shouldDeleteAUser(GraphApiTest.java:80)
</error>
  </testcase>
  <testcase name="shouldGetBiDirectionalMemberRelationship" classname="org.azd.GraphApiTest" time="0.002">
    <error message="InvalidOrganizationNameException: Couldn&apos;t find the organization name &apos;{{ organization name }}&apos;." type="org.azd.exceptions.AzDException">org.azd.exceptions.AzDException: InvalidOrganizationNameException: Couldn't find the organization name '{{ organization name }}'.
	at org.azd.GraphApiTest.shouldGetBiDirectionalMemberRelationship(GraphApiTest.java:100)
</error>
  </testcase>
  <testcase name="shouldGetGraphGroups" classname="org.azd.GraphApiTest" time="0.001">
    <error message="InvalidOrganizationNameException: Couldn&apos;t find the organization name &apos;{{ organization name }}&apos;." type="org.azd.exceptions.AzDException">org.azd.exceptions.AzDException: InvalidOrganizationNameException: Couldn't find the organization name '{{ organization name }}'.
	at org.azd.GraphApiTest.shouldGetGraphGroups(GraphApiTest.java:60)
</error>
  </testcase>
  <testcase name="shouldCreateGroup" classname="org.azd.GraphApiTest" time="0.02">
    <error message="InvalidOrganizationNameException: Couldn&apos;t find the organization name &apos;{{ organization name }}&apos;." type="org.azd.exceptions.AzDException">org.azd.exceptions.AzDException: InvalidOrganizationNameException: Couldn't find the organization name '{{ organization name }}'.
	at org.azd.GraphApiTest.shouldCreateGroup(GraphApiTest.java:157)
</error>
  </testcase>
  <testcase name="shouldGetAGraphGroup" classname="org.azd.GraphApiTest" time="0.002">
    <error message="InvalidOrganizationNameException: Couldn&apos;t find the organization name &apos;{{ organization name }}&apos;." type="org.azd.exceptions.AzDException">org.azd.exceptions.AzDException: InvalidOrganizationNameException: Couldn't find the organization name '{{ organization name }}'.
	at org.azd.GraphApiTest.shouldGetAGraphGroup(GraphApiTest.java:67)
</error>
  </testcase>
  <testcase name="shouldRemoveGroup" classname="org.azd.GraphApiTest" time="0.001">
    <error message="InvalidOrganizationNameException: Couldn&apos;t find the organization name &apos;{{ organization name }}&apos;." type="org.azd.exceptions.AzDException">org.azd.exceptions.AzDException: InvalidOrganizationNameException: Couldn't find the organization name '{{ organization name }}'.
	at org.azd.GraphApiTest.shouldRemoveGroup(GraphApiTest.java:164)
</error>
  </testcase>
  <testcase name="shouldNotAddGroupToSelf" classname="org.azd.GraphApiTest" time="0.001">
    <error message="InvalidOrganizationNameException: Couldn&apos;t find the organization name &apos;{{ organization name }}&apos;." type="org.azd.exceptions.AzDException">org.azd.exceptions.AzDException: InvalidOrganizationNameException: Couldn't find the organization name '{{ organization name }}'.
	at org.azd.GraphApiTest.shouldNotAddGroupToSelf(GraphApiTest.java:135)
</error>
  </testcase>
  <testcase name="shouldGetGraphUsers" classname="org.azd.GraphApiTest" time="0.001">
    <error message="InvalidOrganizationNameException: Couldn&apos;t find the organization name &apos;{{ organization name }}&apos;." type="org.azd.exceptions.AzDException">org.azd.exceptions.AzDException: InvalidOrganizationNameException: Couldn't find the organization name '{{ organization name }}'.
	at org.azd.GraphApiTest.shouldGetGraphUsers(GraphApiTest.java:40)
</error>
  </testcase>
  <testcase name="shouldAddAUserToGroup" classname="org.azd.GraphApiTest" time="0.001">
    <error message="InvalidOrganizationNameException: Couldn&apos;t find the organization name &apos;{{ organization name }}&apos;." type="org.azd.exceptions.AzDException">org.azd.exceptions.AzDException: InvalidOrganizationNameException: Couldn't find the organization name '{{ organization name }}'.
	at org.azd.GraphApiTest.shouldAddAUserToGroup(GraphApiTest.java:73)
</error>
  </testcase>
  <testcase name="shouldGetMembersInGroup" classname="org.azd.GraphApiTest" time="0.001">
    <error message="InvalidOrganizationNameException: Couldn&apos;t find the organization name &apos;{{ organization name }}&apos;." type="org.azd.exceptions.AzDException">org.azd.exceptions.AzDException: InvalidOrganizationNameException: Couldn't find the organization name '{{ organization name }}'.
	at org.azd.GraphApiTest.shouldGetMembersInGroup(GraphApiTest.java:86)
</error>
  </testcase>
  <testcase name="shouldAddSubjectToGroup" classname="org.azd.GraphApiTest" time="0"/>
  <testcase name="shouldGetGroupsForUser" classname="org.azd.GraphApiTest" time="0.001">
    <error message="InvalidOrganizationNameException: Couldn&apos;t find the organization name &apos;{{ organization name }}&apos;." type="org.azd.exceptions.AzDException">org.azd.exceptions.AzDException: InvalidOrganizationNameException: Couldn't find the organization name '{{ organization name }}'.
	at org.azd.GraphApiTest.shouldGetGroupsForUser(GraphApiTest.java:93)
</error>
  </testcase>
  <testcase name="removeSubjectFromGroup" classname="org.azd.GraphApiTest" time="0.001">
    <error message="InvalidOrganizationNameException: Couldn&apos;t find the organization name &apos;{{ organization name }}&apos;." type="org.azd.exceptions.AzDException">org.azd.exceptions.AzDException: InvalidOrganizationNameException: Couldn't find the organization name '{{ organization name }}'.
	at org.azd.GraphApiTest.removeSubjectFromGroup(GraphApiTest.java:128)
</error>
  </testcase>
  <testcase name="shouldGetAGraphUser" classname="org.azd.GraphApiTest" time="0.001">
    <error message="InvalidOrganizationNameException: Couldn&apos;t find the organization name &apos;{{ organization name }}&apos;." type="org.azd.exceptions.AzDException">org.azd.exceptions.AzDException: InvalidOrganizationNameException: Couldn't find the organization name '{{ organization name }}'.
	at org.azd.GraphApiTest.shouldGetAGraphUser(GraphApiTest.java:45)
</error>
  </testcase>
  <testcase name="shouldCreateAGraphUser" classname="org.azd.GraphApiTest" time="0.001">
    <error message="InvalidOrganizationNameException: Couldn&apos;t find the organization name &apos;{{ organization name }}&apos;." type="org.azd.exceptions.AzDException">org.azd.exceptions.AzDException: InvalidOrganizationNameException: Couldn't find the organization name '{{ organization name }}'.
	at org.azd.GraphApiTest.shouldCreateAGraphUser(GraphApiTest.java:52)
</error>
  </testcase>
</testsuite>